This file contains any messages produced by compilers while
running configure, to aid debugging if configure makes a mistake.

It was created by swig configure 4.0.2, which was
generated by GNU Autoconf 2.69.  Invocation command line was

  $ ./configure --prefix=/home/rlong/Sandbox/esmf-profiler/dependencies/swig-4.0.2/../INSTALL/swig-4.0.2 --without-go --without-r --without-lua --without-csharp --without-ocaml --without-ruby --without-mzscheme --without-java --without-javascript --without-octave --without-scilab

## --------- ##
## Platform. ##
## --------- ##

hostname = rlong-Aspire-E5-576G
uname -m = x86_64
uname -r = 5.11.0-38-generic
uname -s = Linux
uname -v = #42~20.04.1-Ubuntu SMP Tue Sep 28 20:41:07 UTC 2021

/usr/bin/uname -p = x86_64
/bin/uname -X     = unknown

/bin/arch              = x86_64
/usr/bin/arch -k       = unknown
/usr/convex/getsysinfo = unknown
/usr/bin/hostinfo      = unknown
/bin/machine           = unknown
/usr/bin/oslevel       = unknown
/bin/universe          = unknown

PATH: /home/rlong/Sandbox/esmf-profiler/venv/bin
PATH: /home/rlong/.vscode-server/bin/6cba118ac49a1b88332f312a8f67186f7f3c1643/bin
PATH: /usr/local/sbin
PATH: /usr/local/bin
PATH: /usr/sbin
PATH: /usr/bin
PATH: /sbin
PATH: /bin
PATH: /usr/games
PATH: /usr/local/games
PATH: /snap/bin
PATH: /home/rlong/.local/bin


## ----------- ##
## Core tests. ##
## ----------- ##

configure:2773: checking build system type
configure:2787: result: x86_64-pc-linux-gnu
configure:2807: checking host system type
configure:2820: result: x86_64-pc-linux-gnu
configure:2856: checking for a BSD-compatible install
configure:2924: result: /usr/bin/install -c
configure:2935: checking whether build environment is sane
configure:2990: result: yes
configure:3139: checking for a thread-safe mkdir -p
configure:3178: result: /usr/bin/mkdir -p
configure:3185: checking for gawk
configure:3215: result: no
configure:3185: checking for mawk
configure:3201: found /usr/bin/mawk
configure:3212: result: mawk
configure:3223: checking whether make sets $(MAKE)
configure:3245: result: yes
configure:3274: checking whether make supports nested variables
configure:3291: result: yes
configure:3468: checking for gcc
configure:3484: found /usr/bin/gcc
configure:3495: result: gcc
configure:3724: checking for C compiler version
configure:3733: gcc --version >&5
gcc (Ubuntu 9.3.0-17ubuntu1~20.04) 9.3.0
Copyright (C) 2019 Free Software Foundation, Inc.
This is free software; see the source for copying conditions.  There is NO
warranty; not even for MERCHANTABILITY or FITNESS FOR A PARTICULAR PURPOSE.

configure:3744: $? = 0
configure:3733: gcc -v >&5
Using built-in specs.
COLLECT_GCC=gcc
COLLECT_LTO_WRAPPER=/usr/lib/gcc/x86_64-linux-gnu/9/lto-wrapper
OFFLOAD_TARGET_NAMES=nvptx-none:hsa
OFFLOAD_TARGET_DEFAULT=1
Target: x86_64-linux-gnu
Configured with: ../src/configure -v --with-pkgversion='Ubuntu 9.3.0-17ubuntu1~20.04' --with-bugurl=file:///usr/share/doc/gcc-9/README.Bugs --enable-languages=c,ada,c++,go,brig,d,fortran,objc,obj-c++,gm2 --prefix=/usr --with-gcc-major-version-only --program-suffix=-9 --program-prefix=x86_64-linux-gnu- --enable-shared --enable-linker-build-id --libexecdir=/usr/lib --without-included-gettext --enable-threads=posix --libdir=/usr/lib --enable-nls --enable-clocale=gnu --enable-libstdcxx-debug --enable-libstdcxx-time=yes --with-default-libstdcxx-abi=new --enable-gnu-unique-object --disable-vtable-verify --enable-plugin --enable-default-pie --with-system-zlib --with-target-system-zlib=auto --enable-objc-gc=auto --enable-multiarch --disable-werror --with-arch-32=i686 --with-abi=m64 --with-multilib-list=m32,m64,mx32 --enable-multilib --with-tune=generic --enable-offload-targets=nvptx-none=/build/gcc-9-HskZEa/gcc-9-9.3.0/debian/tmp-nvptx/usr,hsa --without-cuda-driver --enable-checking=release --build=x86_64-linux-gnu --host=x86_64-linux-gnu --target=x86_64-linux-gnu
Thread model: posix
gcc version 9.3.0 (Ubuntu 9.3.0-17ubuntu1~20.04) 
configure:3744: $? = 0
configure:3733: gcc -V >&5
gcc: error: unrecognized command line option '-V'
gcc: fatal error: no input files
compilation terminated.
configure:3744: $? = 1
configure:3733: gcc -qversion >&5
gcc: error: unrecognized command line option '-qversion'; did you mean '--version'?
gcc: fatal error: no input files
compilation terminated.
configure:3744: $? = 1
configure:3764: checking whether the C compiler works
configure:3786: gcc    conftest.c  >&5
configure:3790: $? = 0
configure:3838: result: yes
configure:3841: checking for C compiler default output file name
configure:3843: result: a.out
configure:3849: checking for suffix of executables
configure:3856: gcc -o conftest    conftest.c  >&5
configure:3860: $? = 0
configure:3882: result: 
configure:3904: checking whether we are cross compiling
configure:3912: gcc -o conftest    conftest.c  >&5
configure:3916: $? = 0
configure:3923: ./conftest
configure:3927: $? = 0
configure:3915: result: no
configure:3920: checking for suffix of object files
configure:3942: gcc -c   conftest.c >&5
configure:3946: $? = 0
configure:3967: result: o
configure:3971: checking whether we are using the GNU C compiler
configure:3990: gcc -c   conftest.c >&5
configure:3990: $? = 0
configure:3999: result: yes
configure:4008: checking whether gcc accepts -g
configure:4028: gcc -c -g  conftest.c >&5
configure:4028: $? = 0
configure:4069: result: yes
configure:4086: checking for gcc option to accept ISO C89
configure:4149: gcc  -c -g -O2  conftest.c >&5
configure:4149: $? = 0
configure:4162: result: none needed
configure:4187: checking whether gcc understands -c and -o together
configure:4209: gcc -c conftest.c -o conftest2.o
configure:4212: $? = 0
configure:4209: gcc -c conftest.c -o conftest2.o
configure:4212: $? = 0
configure:4224: result: yes
configure:4252: checking for style of include used by make
configure:4280: result: GNU
configure:4306: checking dependency style of gcc
configure:4417: result: gcc3
configure:4490: checking for g++
configure:4506: found /usr/bin/g++
configure:4517: result: g++
configure:4544: checking for C++ compiler version
configure:4553: g++ --version >&5
g++ (Ubuntu 9.3.0-17ubuntu1~20.04) 9.3.0
Copyright (C) 2019 Free Software Foundation, Inc.
This is free software; see the source for copying conditions.  There is NO
warranty; not even for MERCHANTABILITY or FITNESS FOR A PARTICULAR PURPOSE.

configure:4564: $? = 0
configure:4553: g++ -v >&5
Using built-in specs.
COLLECT_GCC=g++
COLLECT_LTO_WRAPPER=/usr/lib/gcc/x86_64-linux-gnu/9/lto-wrapper
OFFLOAD_TARGET_NAMES=nvptx-none:hsa
OFFLOAD_TARGET_DEFAULT=1
Target: x86_64-linux-gnu
Configured with: ../src/configure -v --with-pkgversion='Ubuntu 9.3.0-17ubuntu1~20.04' --with-bugurl=file:///usr/share/doc/gcc-9/README.Bugs --enable-languages=c,ada,c++,go,brig,d,fortran,objc,obj-c++,gm2 --prefix=/usr --with-gcc-major-version-only --program-suffix=-9 --program-prefix=x86_64-linux-gnu- --enable-shared --enable-linker-build-id --libexecdir=/usr/lib --without-included-gettext --enable-threads=posix --libdir=/usr/lib --enable-nls --enable-clocale=gnu --enable-libstdcxx-debug --enable-libstdcxx-time=yes --with-default-libstdcxx-abi=new --enable-gnu-unique-object --disable-vtable-verify --enable-plugin --enable-default-pie --with-system-zlib --with-target-system-zlib=auto --enable-objc-gc=auto --enable-multiarch --disable-werror --with-arch-32=i686 --with-abi=m64 --with-multilib-list=m32,m64,mx32 --enable-multilib --with-tune=generic --enable-offload-targets=nvptx-none=/build/gcc-9-HskZEa/gcc-9-9.3.0/debian/tmp-nvptx/usr,hsa --without-cuda-driver --enable-checking=release --build=x86_64-linux-gnu --host=x86_64-linux-gnu --target=x86_64-linux-gnu
Thread model: posix
gcc version 9.3.0 (Ubuntu 9.3.0-17ubuntu1~20.04) 
configure:4564: $? = 0
configure:4553: g++ -V >&5
g++: error: unrecognized command line option '-V'
g++: fatal error: no input files
compilation terminated.
configure:4564: $? = 1
configure:4553: g++ -qversion >&5
g++: error: unrecognized command line option '-qversion'; did you mean '--version'?
g++: fatal error: no input files
compilation terminated.
configure:4564: $? = 1
configure:4568: checking whether we are using the GNU C++ compiler
configure:4587: g++ -c   conftest.cpp >&5
configure:4587: $? = 0
configure:4596: result: yes
configure:4605: checking whether g++ accepts -g
configure:4625: g++ -c -g  conftest.cpp >&5
configure:4625: $? = 0
configure:4666: result: yes
configure:4691: checking dependency style of g++
configure:4802: result: gcc3
configure:4820: checking maximum warning verbosity option
configure:4858: result: -Wall -W -ansi -pedantic for C++ -Wall -W -ansi -pedantic for C
configure:4881: checking how to run the C preprocessor
configure:4912: gcc -E  conftest.c
configure:4912: $? = 0
configure:4926: gcc -E  conftest.c
conftest.c:13:10: fatal error: ac_nonexistent.h: No such file or directory
   13 | #include <ac_nonexistent.h>
      |          ^~~~~~~~~~~~~~~~~~
compilation terminated.
configure:4926: $? = 1
configure: failed program was:
| /* confdefs.h */
| #define PACKAGE_NAME "swig"
| #define PACKAGE_TARNAME "swig"
| #define PACKAGE_VERSION "4.0.2"
| #define PACKAGE_STRING "swig 4.0.2"
| #define PACKAGE_BUGREPORT "http://www.swig.org"
| #define PACKAGE_URL ""
| #define PACKAGE "swig"
| #define VERSION "4.0.2"
| #define SWIG_CXX "g++"
| #define SWIG_PLATFORM "x86_64-pc-linux-gnu"
| /* end confdefs.h.  */
| #include <ac_nonexistent.h>
configure:4951: result: gcc -E
configure:4971: gcc -E  conftest.c
configure:4971: $? = 0
configure:4985: gcc -E  conftest.c
conftest.c:13:10: fatal error: ac_nonexistent.h: No such file or directory
   13 | #include <ac_nonexistent.h>
      |          ^~~~~~~~~~~~~~~~~~
compilation terminated.
configure:4985: $? = 1
configure: failed program was:
| /* confdefs.h */
| #define PACKAGE_NAME "swig"
| #define PACKAGE_TARNAME "swig"
| #define PACKAGE_VERSION "4.0.2"
| #define PACKAGE_STRING "swig 4.0.2"
| #define PACKAGE_BUGREPORT "http://www.swig.org"
| #define PACKAGE_URL ""
| #define PACKAGE "swig"
| #define VERSION "4.0.2"
| #define SWIG_CXX "g++"
| #define SWIG_PLATFORM "x86_64-pc-linux-gnu"
| /* end confdefs.h.  */
| #include <ac_nonexistent.h>
configure:5014: checking for grep that handles long lines and -e
configure:5072: result: /usr/bin/grep
configure:5077: checking for egrep
configure:5139: result: /usr/bin/grep -E
configure:5144: checking for ANSI C header files
configure:5164: gcc -c -g -O2 -Wall -W -ansi -pedantic  conftest.c >&5
configure:5164: $? = 0
configure:5237: gcc -o conftest -g -O2 -Wall -W -ansi -pedantic   conftest.c  >&5
configure:5237: $? = 0
configure:5237: ./conftest
configure:5237: $? = 0
configure:5248: result: yes
configure:5267: checking for popen
configure:5267: gcc -o conftest -g -O2 -Wall -W -ansi -pedantic   conftest.c  >&5
configure:5267: $? = 0
configure:5267: result: yes
configure:5288: checking whether to enable PCRE support
configure:5290: result: yes
configure:5294: checking whether to use local PCRE
configure:5303: result: no
configure:5306: checking for a sed that does not truncate output
configure:5370: result: /usr/bin/sed
configure:5440: checking for pcre-config
configure:5458: found /usr/bin/pcre-config
configure:5470: result: /usr/bin/pcre-config
configure:5640: checking whether to enable ccache-swig
configure:5642: result: yes
configure:5664: checking for bison
configure:5680: found /usr/bin/bison
configure:5691: result: bison -y
configure:5848: checking for boostlib >=  (102000)
configure:5880: g++ -c -g -O2 -Wall -W -ansi -pedantic    conftest.cpp >&5
conftest.cpp:17:10: fatal error: boost/version.hpp: No such file or directory
   17 | #include <boost/version.hpp>
      |          ^~~~~~~~~~~~~~~~~~~
compilation terminated.
configure:5880: $? = 1
configure: failed program was:
| /* confdefs.h */
| #define PACKAGE_NAME "swig"
| #define PACKAGE_TARNAME "swig"
| #define PACKAGE_VERSION "4.0.2"
| #define PACKAGE_STRING "swig 4.0.2"
| #define PACKAGE_BUGREPORT "http://www.swig.org"
| #define PACKAGE_URL ""
| #define PACKAGE "swig"
| #define VERSION "4.0.2"
| #define SWIG_CXX "g++"
| #define SWIG_PLATFORM "x86_64-pc-linux-gnu"
| #define STDC_HEADERS 1
| #define HAVE_POPEN 1
| #define HAVE_PCRE 1
| /* end confdefs.h.  */
| 
| #include <boost/version.hpp>
| 
| int
| main ()
| {
| 
| (void) ((void)sizeof(char[1 - 2*!!((BOOST_VERSION) < (102000))]));
| 
|   ;
|   return 0;
| }
configure:5999: g++ -c -g -O2 -Wall -W -ansi -pedantic   -I/include/boost-0 conftest.cpp >&5
conftest.cpp:17:10: fatal error: boost/version.hpp: No such file or directory
   17 | #include <boost/version.hpp>
      |          ^~~~~~~~~~~~~~~~~~~
compilation terminated.
configure:5999: $? = 1
configure: failed program was:
| /* confdefs.h */
| #define PACKAGE_NAME "swig"
| #define PACKAGE_TARNAME "swig"
| #define PACKAGE_VERSION "4.0.2"
| #define PACKAGE_STRING "swig 4.0.2"
| #define PACKAGE_BUGREPORT "http://www.swig.org"
| #define PACKAGE_URL ""
| #define PACKAGE "swig"
| #define VERSION "4.0.2"
| #define SWIG_CXX "g++"
| #define SWIG_PLATFORM "x86_64-pc-linux-gnu"
| #define STDC_HEADERS 1
| #define HAVE_POPEN 1
| #define HAVE_PCRE 1
| /* end confdefs.h.  */
| 
| #include <boost/version.hpp>
| 
| int
| main ()
| {
| 
| (void) ((void)sizeof(char[1 - 2*!!((BOOST_VERSION) < (102000))]));
| 
|   ;
|   return 0;
| }
configure:6018: We could not detect the boost libraries (version  or higher). If you have a staged boost library (still not installed) please specify $BOOST_ROOT in your environment and do not give a PATH to --with-boost option.  If you are sure you have boost installed, then check your version number looking in <boost/version.hpp>. See http://randspringer.de/boost for more documentation.
configure:6046: checking SO
configure:6057: result: .so
configure:6064: checking LDSHARED
configure:6113: result: gcc -shared
configure:6119: checking CXXSHARED
configure:6125: result: gcc -shared
configure:6129: checking TRYLINKINGWITHCXX
configure:6154: result: CXXSHARED= g++ -shared 
configure:6158: checking CCSHARED
configure:6179: result: -fpic
configure:6183: checking RPATH
configure:6194: result: -Xlinker -rpath $(exec_prefix)/lib -Xlinker -rpath .
configure:6200: checking LINKFORSHARED
configure:6214: result: -Xlinker -export-dynamic
configure:6218: checking PLATCFLAGS
configure:6228: result: 
configure:6239: checking whether to enable C++11 testing
configure:6241: result: no
configure:6387: checking if compiler supports pre-compiled headers
configure:6425: result: yes
configure:6483: checking for dlopen in -ldl
configure:6508: gcc -o conftest -g -O2 -Wall -W -ansi -pedantic    conftest.c -ldl   -lpcre >&5
configure:6508: $? = 0
configure:6517: result: yes
configure:6528: checking for shl_load in -ldld
configure:6553: gcc -o conftest -g -O2 -Wall -W -ansi -pedantic    conftest.c -ldld  -ldl  -lpcre >&5
/usr/bin/ld: cannot find -ldld
collect2: error: ld returned 1 exit status
configure:6553: $? = 1
configure: failed program was:
| /* confdefs.h */
| #define PACKAGE_NAME "swig"
| #define PACKAGE_TARNAME "swig"
| #define PACKAGE_VERSION "4.0.2"
| #define PACKAGE_STRING "swig 4.0.2"
| #define PACKAGE_BUGREPORT "http://www.swig.org"
| #define PACKAGE_URL ""
| #define PACKAGE "swig"
| #define VERSION "4.0.2"
| #define SWIG_CXX "g++"
| #define SWIG_PLATFORM "x86_64-pc-linux-gnu"
| #define STDC_HEADERS 1
| #define HAVE_POPEN 1
| #define HAVE_PCRE 1
| #define HAVE_LIBDL 1
| /* end confdefs.h.  */
| 
| /* Override any GCC internal prototype to avoid an error.
|    Use char because int might match the return type of a GCC
|    builtin and then its argument prototype would still apply.  */
| #ifdef __cplusplus
| extern "C"
| #endif
| char shl_load ();
| int
| main ()
| {
| return shl_load ();
|   ;
|   return 0;
| }
configure:6562: result: no
configure:6574: checking for library containing t_open
configure:6605: gcc -o conftest -g -O2 -Wall -W -ansi -pedantic    conftest.c -ldl  -lpcre >&5
/usr/bin/ld: /tmp/ccxgtRU9.o: in function `main':
/home/rlong/Sandbox/esmf-profiler/dependencies/swig-4.0.2/conftest.c:28: undefined reference to `t_open'
collect2: error: ld returned 1 exit status
configure:6605: $? = 1
configure: failed program was:
| /* confdefs.h */
| #define PACKAGE_NAME "swig"
| #define PACKAGE_TARNAME "swig"
| #define PACKAGE_VERSION "4.0.2"
| #define PACKAGE_STRING "swig 4.0.2"
| #define PACKAGE_BUGREPORT "http://www.swig.org"
| #define PACKAGE_URL ""
| #define PACKAGE "swig"
| #define VERSION "4.0.2"
| #define SWIG_CXX "g++"
| #define SWIG_PLATFORM "x86_64-pc-linux-gnu"
| #define STDC_HEADERS 1
| #define HAVE_POPEN 1
| #define HAVE_PCRE 1
| #define HAVE_LIBDL 1
| /* end confdefs.h.  */
| 
| /* Override any GCC internal prototype to avoid an error.
|    Use char because int might match the return type of a GCC
|    builtin and then its argument prototype would still apply.  */
| #ifdef __cplusplus
| extern "C"
| #endif
| char t_open ();
| int
| main ()
| {
| return t_open ();
|   ;
|   return 0;
| }
configure:6605: gcc -o conftest -g -O2 -Wall -W -ansi -pedantic    conftest.c -lnsl  -ldl  -lpcre >&5
/usr/bin/ld: /tmp/ccdog2A6.o: in function `main':
/home/rlong/Sandbox/esmf-profiler/dependencies/swig-4.0.2/conftest.c:28: undefined reference to `t_open'
collect2: error: ld returned 1 exit status
configure:6605: $? = 1
configure: failed program was:
| /* confdefs.h */
| #define PACKAGE_NAME "swig"
| #define PACKAGE_TARNAME "swig"
| #define PACKAGE_VERSION "4.0.2"
| #define PACKAGE_STRING "swig 4.0.2"
| #define PACKAGE_BUGREPORT "http://www.swig.org"
| #define PACKAGE_URL ""
| #define PACKAGE "swig"
| #define VERSION "4.0.2"
| #define SWIG_CXX "g++"
| #define SWIG_PLATFORM "x86_64-pc-linux-gnu"
| #define STDC_HEADERS 1
| #define HAVE_POPEN 1
| #define HAVE_PCRE 1
| #define HAVE_LIBDL 1
| /* end confdefs.h.  */
| 
| /* Override any GCC internal prototype to avoid an error.
|    Use char because int might match the return type of a GCC
|    builtin and then its argument prototype would still apply.  */
| #ifdef __cplusplus
| extern "C"
| #endif
| char t_open ();
| int
| main ()
| {
| return t_open ();
|   ;
|   return 0;
| }
configure:6622: result: no
configure:6630: checking for library containing gethostbyname
configure:6661: gcc -o conftest -g -O2 -Wall -W -ansi -pedantic    conftest.c -ldl  -lpcre >&5
configure:6661: $? = 0
configure:6678: result: none required
configure:6686: checking for library containing socket
configure:6717: gcc -o conftest -g -O2 -Wall -W -ansi -pedantic    conftest.c -ldl  -lpcre >&5
configure:6717: $? = 0
configure:6734: result: none required
configure:6743: checking for swill_init in -lswill
configure:6768: gcc -o conftest -g -O2 -Wall -W -ansi -pedantic    conftest.c -lswill  -ldl  -lpcre >&5
/usr/bin/ld: cannot find -lswill
collect2: error: ld returned 1 exit status
configure:6768: $? = 1
configure: failed program was:
| /* confdefs.h */
| #define PACKAGE_NAME "swig"
| #define PACKAGE_TARNAME "swig"
| #define PACKAGE_VERSION "4.0.2"
| #define PACKAGE_STRING "swig 4.0.2"
| #define PACKAGE_BUGREPORT "http://www.swig.org"
| #define PACKAGE_URL ""
| #define PACKAGE "swig"
| #define VERSION "4.0.2"
| #define SWIG_CXX "g++"
| #define SWIG_PLATFORM "x86_64-pc-linux-gnu"
| #define STDC_HEADERS 1
| #define HAVE_POPEN 1
| #define HAVE_PCRE 1
| #define HAVE_LIBDL 1
| /* end confdefs.h.  */
| 
| /* Override any GCC internal prototype to avoid an error.
|    Use char because int might match the return type of a GCC
|    builtin and then its argument prototype would still apply.  */
| #ifdef __cplusplus
| extern "C"
| #endif
| char swill_init ();
| int
| main ()
| {
| return swill_init ();
|   ;
|   return 0;
| }
configure:6777: result: no
configure:6799: checking for main in -lieee
configure:6818: gcc -o conftest -g -O2 -Wall -W -ansi -pedantic    conftest.c -lieee  -ldl  -lpcre >&5
/usr/bin/ld: cannot find -lieee
collect2: error: ld returned 1 exit status
configure:6818: $? = 1
configure: failed program was:
| /* confdefs.h */
| #define PACKAGE_NAME "swig"
| #define PACKAGE_TARNAME "swig"
| #define PACKAGE_VERSION "4.0.2"
| #define PACKAGE_STRING "swig 4.0.2"
| #define PACKAGE_BUGREPORT "http://www.swig.org"
| #define PACKAGE_URL ""
| #define PACKAGE "swig"
| #define VERSION "4.0.2"
| #define SWIG_CXX "g++"
| #define SWIG_PLATFORM "x86_64-pc-linux-gnu"
| #define STDC_HEADERS 1
| #define HAVE_POPEN 1
| #define HAVE_PCRE 1
| #define HAVE_LIBDL 1
| /* end confdefs.h.  */
| 
| 
| int
| main ()
| {
| return main ();
|   ;
|   return 0;
| }
configure:6827: result: no
configure:6833: checking for crypt in -lcrypt
configure:6858: gcc -o conftest -g -O2 -Wall -W -ansi -pedantic    conftest.c -lcrypt  -ldl  -lpcre >&5
configure:6858: $? = 0
configure:6867: result: yes
configure:6909: checking for pkg-config
configure:6925: found /usr/bin/pkg-config
configure:6936: result: pkg-config
configure:6997: checking for Tcl configuration
configure:7027: result: no
configure:7053: checking for Tcl header files
configure:7060: gcc -E   conftest.c
conftest.c:17:10: fatal error: tcl.h: No such file or directory
   17 | #include <tcl.h>
      |          ^~~~~~~
compilation terminated.
configure:7060: $? = 1
configure: failed program was:
| /* confdefs.h */
| #define PACKAGE_NAME "swig"
| #define PACKAGE_TARNAME "swig"
| #define PACKAGE_VERSION "4.0.2"
| #define PACKAGE_STRING "swig 4.0.2"
| #define PACKAGE_BUGREPORT "http://www.swig.org"
| #define PACKAGE_URL ""
| #define PACKAGE "swig"
| #define VERSION "4.0.2"
| #define SWIG_CXX "g++"
| #define SWIG_PLATFORM "x86_64-pc-linux-gnu"
| #define STDC_HEADERS 1
| #define HAVE_POPEN 1
| #define HAVE_PCRE 1
| #define HAVE_LIBDL 1
| /* end confdefs.h.  */
| #include <tcl.h>
configure:7078: result: not found
configure:7086: checking for Tcl library
configure:7099: result: not found
configure:7161: checking for python
configure:7191: result: no
configure:7161: checking for python2.7
configure:7191: result: no
configure:7385: checking for python3
configure:7401: found /usr/bin/python3
configure:7412: result: python3
configure:7428: checking for python3-config
configure:7444: found /usr/bin/python3-config
configure:7455: result: python3-config
configure:7519: checking for python3 major version number
configure:7522: result: 3
configure:7530: checking for Python 3.x os.name
configure:7533: result: posix
configure:7535: checking for Python 3.x path separator
configure:7538: result: /
configure:7588: checking for Python 3.x prefix
configure:7591: result: /usr
configure:7593: checking for Python 3.x exec-prefix
configure:7597: result: /usr
configure:7603: checking for Python 3.x version
configure:7609: result: python3.8
configure:7614: checking for Python 3.x lib dir
configure:7621: result: lib
configure:7626: checking for Python 3.x header files
configure:7629: result: -I/usr/include/python3.8 -I/usr/include/python3.8
configure:7633: checking for Python 3.x library directory
configure:7643: result: Not found
configure:7652: checking for Python 3.x library
configure:7658: result: -lpython3.8
configure:7684: checking for pycodestyle
configure:7700: found /home/rlong/.local/bin/pycodestyle
configure:7711: result: pycodestyle
configure:7723: checking pycodestyle version
configure:7726: result: 2.8.0
configure:7746: checking for 2to3-3
configure:7776: result: no
configure:7746: checking for 2to3
configure:7776: result: no
configure:7786: checking for 2to3.py
configure:7794: result: Not found
configure:7835: checking for perl
configure:7851: found /usr/bin/perl
configure:7862: result: perl
configure:7880: checking for Perl5 header files
configure:7889: result: /usr/lib/x86_64-linux-gnu/perl/5.30/CORE
configure:7901: checking for Perl5 library
configure:7908: result: perl
configure:7911: checking for Perl5 ccflags
configure:7918: result: -D_REENTRANT -D_GNU_SOURCE -DDEBIAN -fwrapv -fno-strict-aliasing -pipe -I/usr/local/include -D_LARGEFILE_SOURCE -D_FILE_OFFSET_BITS=64
configure:7921: checking for Perl5 ccdlflags
configure:7928: result: -Wl,-E
configure:7931: checking for Perl5 cccdlflags
configure:7938: result: -fPIC
configure:7941: checking for Perl5 ldflags
configure:7948: result:  -fstack-protector-strong -L/usr/local/lib
configure:7951: checking for Perl5 Test::More module
configure:7958: result: found
configure:8005: Disabling Octave
configure:8225: Disabling Scilab
configure:8378: Disabling Java
configure:8745: Disabling Javascript
configure:9100: checking for android
configure:9130: result: no
configure:9147: checking for adb
configure:9177: result: no
configure:9194: checking for ant
configure:9224: result: no
configure:9241: checking for ndk-build
configure:9271: result: no
configure:9337: checking for guile-config
configure:9370: result: no
configure:9520: Disabling MzScheme
configure:9652: Disabling Ruby
configure:9848: checking for php7.3
configure:9878: result: no
configure:9848: checking for php7.2
configure:9878: result: no
configure:9848: checking for php7.1
configure:9878: result: no
configure:9848: checking for php7.0
configure:9878: result: no
configure:9848: checking for php
configure:9878: result: no
configure:9978: Disabling OCaml
configure:10250: Disabling CSharp
configure:10604: Disabling Lua
configure:10914: Disabling R
configure:10980: Disabling Go
configure:11233: checking for dmd
configure:11263: result: no
configure:11233: checking for ldmd
configure:11263: result: no
configure:11233: checking for gdmd
configure:11263: result: no
configure:11303: checking for dmd
configure:11333: result: no
configure:11303: checking for gdmd
configure:11333: result: no
configure:11744: checking that generated files are newer than configure
configure:11750: result: done
configure:11777: creating ./config.status

## ---------------------- ##
## Running config.status. ##
## ---------------------- ##

This file was extended by swig config.status 4.0.2, which was
generated by GNU Autoconf 2.69.  Invocation command line was

  CONFIG_FILES    = 
  CONFIG_HEADERS  = 
  CONFIG_LINKS    = 
  CONFIG_COMMANDS = 
  $ ./config.status 

on rlong-Aspire-E5-576G

config.status:1059: creating Makefile
config.status:1059: creating swig.spec
config.status:1059: creating Examples/Makefile
config.status:1059: creating Examples/d/example.mk
config.status:1059: creating Examples/xml/Makefile
config.status:1059: creating Examples/test-suite/errors/Makefile
config.status:1059: creating Examples/test-suite/csharp/Makefile
config.status:1059: creating Examples/test-suite/d/Makefile
config.status:1059: creating Examples/test-suite/guile/Makefile
config.status:1059: creating Examples/test-suite/java/Makefile
config.status:1059: creating Examples/test-suite/javascript/Makefile
config.status:1059: creating Examples/test-suite/mzscheme/Makefile
config.status:1059: creating Examples/test-suite/ocaml/Makefile
config.status:1059: creating Examples/test-suite/octave/Makefile
config.status:1059: creating Examples/test-suite/perl5/Makefile
config.status:1059: creating Examples/test-suite/php/Makefile
config.status:1059: creating Examples/test-suite/python/Makefile
config.status:1059: creating Examples/test-suite/ruby/Makefile
config.status:1059: creating Examples/test-suite/scilab/Makefile
config.status:1059: creating Examples/test-suite/tcl/Makefile
config.status:1059: creating Examples/test-suite/lua/Makefile
config.status:1059: creating Examples/test-suite/r/Makefile
config.status:1059: creating Examples/test-suite/go/Makefile
config.status:1059: creating Source/Makefile
config.status:1059: creating Tools/javascript/Makefile
config.status:1059: creating preinst-swig
config.status:1059: creating CCache/ccache_swig_config.h
config.status:1059: creating Source/Include/swigconfig.h
config.status:1288: executing depfiles commands
config.status:1288: executing Examples commands
configure:13212: === configuring in CCache (/home/rlong/Sandbox/esmf-profiler/dependencies/swig-4.0.2/CCache)
configure:13275: running /bin/bash ./configure --disable-option-checking '--prefix=/home/rlong/Sandbox/esmf-profiler/dependencies/swig-4.0.2/../INSTALL/swig-4.0.2'  '--without-go' '--without-r' '--without-lua' '--without-csharp' '--without-ocaml' '--without-ruby' '--without-mzscheme' '--without-java' '--without-javascript' '--without-octave' '--without-scilab' --cache-file=/dev/null --srcdir=.

## ---------------- ##
## Cache variables. ##
## ---------------- ##

ac_cv_build=x86_64-pc-linux-gnu
ac_cv_c_compiler_gnu=yes
ac_cv_cxx_compiler_gnu=yes
ac_cv_env_CCC_set=
ac_cv_env_CCC_value=
ac_cv_env_CC_set=
ac_cv_env_CC_value=
ac_cv_env_CFLAGS_set=
ac_cv_env_CFLAGS_value=
ac_cv_env_CPPFLAGS_set=
ac_cv_env_CPPFLAGS_value=
ac_cv_env_CPP_set=
ac_cv_env_CPP_value=
ac_cv_env_CXXFLAGS_set=
ac_cv_env_CXXFLAGS_value=
ac_cv_env_CXX_set=
ac_cv_env_CXX_value=
ac_cv_env_LDFLAGS_set=
ac_cv_env_LDFLAGS_value=
ac_cv_env_LIBS_set=
ac_cv_env_LIBS_value=
ac_cv_env_PCRE_CFLAGS_set=
ac_cv_env_PCRE_CFLAGS_value=
ac_cv_env_PCRE_CONFIG_set=
ac_cv_env_PCRE_CONFIG_value=
ac_cv_env_PCRE_LIBS_set=
ac_cv_env_PCRE_LIBS_value=
ac_cv_env_YACC_set=
ac_cv_env_YACC_value=
ac_cv_env_YFLAGS_set=
ac_cv_env_YFLAGS_value=
ac_cv_env_build_alias_set=
ac_cv_env_build_alias_value=
ac_cv_env_host_alias_set=
ac_cv_env_host_alias_value=
ac_cv_env_target_alias_set=
ac_cv_env_target_alias_value=
ac_cv_func_popen=yes
ac_cv_header_stdc=yes
ac_cv_host=x86_64-pc-linux-gnu
ac_cv_lib_crypt_crypt=yes
ac_cv_lib_dl_dlopen=yes
ac_cv_lib_dld_shl_load=no
ac_cv_lib_ieee_main=no
ac_cv_lib_swill_swill_init=no
ac_cv_objext=o
ac_cv_path_EGREP='/usr/bin/grep -E'
ac_cv_path_GREP=/usr/bin/grep
ac_cv_path_PCRE_CONFIG=/usr/bin/pcre-config
ac_cv_path_SED=/usr/bin/sed
ac_cv_path_install='/usr/bin/install -c'
ac_cv_path_mkdir=/usr/bin/mkdir
ac_cv_prog_AWK=mawk
ac_cv_prog_CPP='gcc -E'
ac_cv_prog_PERL=perl
ac_cv_prog_PKGCONFIG=pkg-config
ac_cv_prog_PY3CONFIG=python3-config
ac_cv_prog_PYCODESTYLE=pycodestyle
ac_cv_prog_PYTHON3=python3
ac_cv_prog_YACC='bison -y'
ac_cv_prog_ac_ct_CC=gcc
ac_cv_prog_ac_ct_CXX=g++
ac_cv_prog_cc_c89=
ac_cv_prog_cc_g=yes
ac_cv_prog_cxx_g=yes
ac_cv_prog_make_make_set=yes
ac_cv_search_gethostbyname='none required'
ac_cv_search_socket='none required'
ac_cv_search_t_open=no
am_cv_CC_dependencies_compiler_type=gcc3
am_cv_CXX_dependencies_compiler_type=gcc3
am_cv_make_support_nested_variables=yes
am_cv_prog_cc_c_o=yes

## ----------------- ##
## Output variables. ##
## ----------------- ##

ACLOCAL='${SHELL} /home/rlong/Sandbox/esmf-profiler/dependencies/swig-4.0.2/Tools/config/missing aclocal-1.15'
ADB=''
AMDEPBACKSLASH='\'
AMDEP_FALSE='#'
AMDEP_TRUE=''
AMTAR='$${TAR-tar}'
AM_BACKSLASH='\'
AM_DEFAULT_V='$(AM_DEFAULT_VERBOSITY)'
AM_DEFAULT_VERBOSITY='1'
AM_V='$(V)'
ANDROID=''
ANT=''
AUTOCONF='${SHELL} /home/rlong/Sandbox/esmf-profiler/dependencies/swig-4.0.2/Tools/config/missing autoconf'
AUTOHEADER='${SHELL} /home/rlong/Sandbox/esmf-profiler/dependencies/swig-4.0.2/Tools/config/missing autoheader'
AUTOMAKE='${SHELL} /home/rlong/Sandbox/esmf-profiler/dependencies/swig-4.0.2/Tools/config/missing automake-1.15'
AWK='mawk'
BOOST_CPPFLAGS='-I/include/boost-0'
BOOST_LDFLAGS='-L/lib64'
CAMLP4=''
CC='gcc'
CCDEPMODE='depmode=gcc3'
CCSHARED='-fpic'
CFLAGS='-g -O2 -Wall -W -ansi -pedantic'
CPP='gcc -E'
CPPFLAGS=' '
CSHARPCFLAGS=''
CSHARPCILINTERPRETER=''
CSHARPCILINTERPRETER_FLAGS=''
CSHARPCOMPILER=''
CSHARPCONVERTPATH=''
CSHARPDYNAMICLINKING=''
CSHARPLIBRARYPREFIX=''
CSHARPSO=''
CXX='g++'
CXXDEPMODE='depmode=gcc3'
CXXFLAGS='-g -O2 -Wall -W -ansi -pedantic'
CXXSHARED='gcc -shared'
CYGPATH_W='echo'
D1COMPILER=''
D2COMPILER=''
DDEFAULTVERSION=''
DEFS='-DHAVE_CONFIG_H'
DEPDIR='.deps'
DLIBPREFIX='lib'
ECHO_C=''
ECHO_N='-n'
ECHO_T=''
EGREP='/usr/bin/grep -E'
ENABLE_CCACHE='1'
EXEEXT=''
EXTRA_CLEAN=''
GCCGO=''
GCCGOOPT=''
GO12=''
GO13=''
GO15=''
GO1=''
GO=''
GOC=''
GOGCC='false'
GOOPT=''
GOVERSIONOPTION=''
GREP='/usr/bin/grep'
GUILE='yes'
GUILE_CFLAGS=''
GUILE_CONFIG=''
GUILE_LIBS=''
GUILE_SO='.so'
HAVE_CXX11_COMPILER=''
INSTALL_DATA='${INSTALL} -m 644'
INSTALL_PROGRAM='${INSTALL}'
INSTALL_SCRIPT='${INSTALL}'
INSTALL_STRIP_PROGRAM='$(install_sh) -c -s'
JAVA=''
JAVAC=''
JAVACFLAGS=''
JAVACXXSHARED=''
JAVADYNAMICLINKING=''
JAVAFLAGS=''
JAVAINC=''
JAVALDSHARED=''
JAVALIBRARYPREFIX=''
JAVASO=''
JAVA_CLASSPATH_SEP=''
JAVA_SKIP_DOXYGEN_TEST_CASES=''
JSCENABLED=''
JSCOREDYNAMICLINKING=''
JSCOREINC=''
JSCOREVERSION=''
JSINTERPRETERCXX=''
JSINTERPRETERLINKFLAGS=''
JSV8DYNAMICLINKING=''
JSV8ENABLED=''
JSV8INC=''
LDFLAGS=''
LDSHARED='gcc -shared'
LIBC=''
LIBCRYPT='-lcrypt'
LIBM='-lm'
LIBOBJS=''
LIBS='-ldl  -lpcre'
LINKFORSHARED='-Xlinker -export-dynamic'
LTLIBOBJS=''
LUABIN='no'
LUADYNAMICLINKING=''
LUAFLAGS=''
LUALINK=''
LUA_SO='.so'
MAKEINFO='${SHELL} /home/rlong/Sandbox/esmf-profiler/dependencies/swig-4.0.2/Tools/config/missing makeinfo'
MKDIR_P='/usr/bin/mkdir -p'
MZC=''
MZDYNOBJ=''
MZSCHEME=''
MZSCHEME_SO='.so'
NDKBUILD=''
NODEGYP=''
NODEJS=''
OBJEXT='o'
OCAMLC=''
OCAMLDLGEN=''
OCAMLFIND=''
OCAMLMKTOP=''
OCTAVE=''
OCTAVE_CPPFLAGS=''
OCTAVE_CXXFLAGS=''
OCTAVE_LDFLAGS=''
OCTAVE_SO='.oct'
PACKAGE='swig'
PACKAGE_BUGREPORT='http://www.swig.org'
PACKAGE_NAME='swig'
PACKAGE_STRING='swig 4.0.2'
PACKAGE_TARNAME='swig'
PACKAGE_URL=''
PACKAGE_VERSION='4.0.2'
PATH_SEPARATOR=':'
PCHINCLUDEARG='-include'
PCHINCLUDEEXT=''
PCHSUPPORT='yes'
PCRE_CFLAGS=''
PCRE_CONFIG='/usr/bin/pcre-config'
PCRE_LIBS='-lpcre'
PERL5CCCDLFLAGS='-fPIC'
PERL5CCDLFLAGS='-Wl,-E'
PERL5CCFLAGS='-D_REENTRANT -D_GNU_SOURCE -DDEBIAN -fwrapv -fno-strict-aliasing -pipe -I/usr/local/include -D_LARGEFILE_SOURCE -D_FILE_OFFSET_BITS=64'
PERL5DYNAMICLINKING=''
PERL5EXT='/usr/lib/x86_64-linux-gnu/perl/5.30/CORE'
PERL5LDFLAGS=' -fstack-protector-strong -L/usr/local/lib'
PERL5LIB='perl'
PERL='perl'
PHP=''
PHPINC=''
PHP_SO='.so'
PKGCONFIG='pkg-config'
PLATCFLAGS=''
PLATCXXFLAGS=''
PY2TO3=''
PY3CONFIG='python3-config'
PY3INCLUDE='-I/usr/include/python3.8 -I/usr/include/python3.8'
PY3LIB=''
PY3LINK='-lpython3.8'
PYCODESTYLE='pycodestyle'
PYINCLUDE=''
PYLIB=''
PYLINK=''
PYTHON3=''
PYTHON3DYNAMICLINKING=''
PYTHON=''
PYTHONDYNAMICLINKING=''
PYTHON_SO='.so'
RBIN=''
ROOT_DIR='/home/rlong/Sandbox/esmf-profiler/dependencies/swig-4.0.2'
RPATH='-Xlinker -rpath $(exec_prefix)/lib -Xlinker -rpath .'
RUBY=''
RUBYCCDLFLAGS=''
RUBYDYNAMICLINKING=''
RUBYINCLUDE=''
RUBYLIB=''
RUBYLINK=''
RUBYSO='.so'
SCILAB=''
SCILABINCLUDE=''
SCILABOPT=''
SED='/usr/bin/sed'
SET_MAKE=''
SHELL='/bin/bash'
SKIP_ANDROID='1'
SKIP_CSHARP='1'
SKIP_D='1'
SKIP_GO='1'
SKIP_GUILE='1'
SKIP_JAVA='1'
SKIP_JAVASCRIPT='1'
SKIP_LUA='1'
SKIP_MZSCHEME='1'
SKIP_OCAML='1'
SKIP_OCTAVE='1'
SKIP_PERL5=''
SKIP_PHP='1'
SKIP_PYTHON3=''
SKIP_PYTHON=''
SKIP_R='1'
SKIP_RUBY='1'
SKIP_SCILAB='1'
SKIP_TCL='1'
SO='.so'
STRIP=''
SWIGLIBS=''
SWIG_LIB='/home/rlong/Sandbox/esmf-profiler/dependencies/swig-4.0.2/../INSTALL/swig-4.0.2/share/swig/4.0.2'
SWIG_LIB_INSTALL='${datarootdir}/swig/4.0.2'
SWIG_LIB_PREINST='/home/rlong/Sandbox/esmf-profiler/dependencies/swig-4.0.2/Lib'
SWIG_LIB_SET='env SWIG_LIB=$(SWIG_LIB_DIR)'
SWILL=''
TCLCXXSHARED='$(CXXSHARED)'
TCLDYNAMICLINKING=''
TCLINCLUDE=''
TCLLDSHARED='$(LDSHARED)'
TCLLIB=''
TCL_SO='.so'
TRYLINKINGWITHCXX='CXXSHARED= g++ -shared '
VERSION='4.0.2'
YACC='bison -y'
YFLAGS=''
ac_aux_dir='Tools/config'
ac_ct_CC='gcc'
ac_ct_CXX='g++'
am__EXEEXT_FALSE=''
am__EXEEXT_TRUE='#'
am__fastdepCC_FALSE='#'
am__fastdepCC_TRUE=''
am__fastdepCXX_FALSE='#'
am__fastdepCXX_TRUE=''
am__include='include'
am__isrc=''
am__leading_dot='.'
am__nodep='_no'
am__quote=''
am__tar='$${TAR-tar} chof - "$$tardir"'
am__untar='$${TAR-tar} xf -'
bindir='${exec_prefix}/bin'
build='x86_64-pc-linux-gnu'
build_alias=''
build_cpu='x86_64'
build_os='linux-gnu'
build_vendor='pc'
datadir='${datarootdir}'
datarootdir='${prefix}/share'
docdir='${datarootdir}/doc/${PACKAGE_TARNAME}'
dvidir='${docdir}'
exec_prefix='${prefix}'
host='x86_64-pc-linux-gnu'
host_alias=''
host_cpu='x86_64'
host_os='linux-gnu'
host_vendor='pc'
htmldir='${docdir}'
includedir='${prefix}/include'
infodir='${datarootdir}/info'
install_sh='${SHELL} /home/rlong/Sandbox/esmf-profiler/dependencies/swig-4.0.2/Tools/config/install-sh'
libdir='${exec_prefix}/lib'
libexecdir='${exec_prefix}/libexec'
localedir='${datarootdir}/locale'
localstatedir='${prefix}/var'
mandir='${datarootdir}/man'
mkdir_p='$(MKDIR_P)'
oldincludedir='/usr/include'
pdfdir='${docdir}'
prefix='/home/rlong/Sandbox/esmf-profiler/dependencies/swig-4.0.2/../INSTALL/swig-4.0.2'
program_transform_name='s,x,x,'
psdir='${docdir}'
runstatedir='${localstatedir}/run'
sbindir='${exec_prefix}/sbin'
sharedstatedir='${prefix}/com'
subdirs=' CCache'
sysconfdir='${prefix}/etc'
target_alias=''

## ----------- ##
## confdefs.h. ##
## ----------- ##

/* confdefs.h */
#define PACKAGE_NAME "swig"
#define PACKAGE_TARNAME "swig"
#define PACKAGE_VERSION "4.0.2"
#define PACKAGE_STRING "swig 4.0.2"
#define PACKAGE_BUGREPORT "http://www.swig.org"
#define PACKAGE_URL ""
#define PACKAGE "swig"
#define VERSION "4.0.2"
#define SWIG_CXX "g++"
#define SWIG_PLATFORM "x86_64-pc-linux-gnu"
#define STDC_HEADERS 1
#define HAVE_POPEN 1
#define HAVE_PCRE 1
#define HAVE_LIBDL 1
#define SWIG_LIB "/home/rlong/Sandbox/esmf-profiler/dependencies/swig-4.0.2/../INSTALL/swig-4.0.2/share/swig/4.0.2"
#define SWIG_LIB_WIN_UNIX ""

configure: exit 0
